[3.838s] Invoking command in '/home/yamashita/ros2_ws/build/person_msgs': /usr/bin/cmake /home/yamashita/ros2_ws/src/person_msgs -DCMAKE_INSTALL_PREFIX=/home/yamashita/ros2_ws/install/person_msgs
[3.945s] -- Found ament_cmake: 1.3.6 (/opt/ros/humble/share/ament_cmake/cmake)
[5.389s] -- Found rosidl_default_generators: 1.2.0 (/opt/ros/humble/share/rosidl_default_generators/cmake)
[5.405s] -- Using all available rosidl_typesupport_c: rosidl_typesupport_fastrtps_c;rosidl_typesupport_introspection_c
[5.432s] -- Found rosidl_adapter: 3.1.5 (/opt/ros/humble/share/rosidl_adapter/cmake)
[5.781s] -- Using all available rosidl_typesupport_cpp: rosidl_typesupport_fastrtps_cpp;rosidl_typesupport_introspection_cpp
[7.720s] Error parsing '/home/yamashita/ros2_ws/src/person_msgs/package.xml':
[8.157s] Traceback (most recent call last):
[8.158s]   File "/usr/lib/python3/dist-packages/catkin_pkg/package.py", line 610, in parse_package_string
[8.161s]     root = dom.parseString(data)
[8.162s]   File "/usr/lib/python3.10/xml/dom/minidom.py", line 2000, in parseString
[8.167s]     return expatbuilder.parseString(string)
[8.168s]   File "/usr/lib/python3.10/xml/dom/expatbuilder.py", line 925, in parseString
[8.171s]     return builder.parseString(string)
[8.174s]   File "/usr/lib/python3.10/xml/dom/expatbuilder.py", line 223, in parseString
[8.177s]     parser.Parse(string, True)
[8.178s] xml.parsers.expat.ExpatError: mismatched tag: line 22, column 2
[8.180s] 
[8.181s] During handling of the above exception, another exception occurred:
[8.182s] 
[8.183s] Traceback (most recent call last):
[8.185s]   File "/opt/ros/humble/share/ament_cmake_core/cmake/core/package_xml_2_cmake.py", line 150, in <module>
[8.186s]     main()
[8.187s]   File "/opt/ros/humble/share/ament_cmake_core/cmake/core/package_xml_2_cmake.py", line 53, in main
[8.188s]     raise e
[8.189s]   File "/opt/ros/humble/share/ament_cmake_core/cmake/core/package_xml_2_cmake.py", line 49, in main
[8.190s]     package = parse_package_string(
[8.191s]   File "/usr/lib/python3/dist-packages/catkin_pkg/package.py", line 612, in parse_package_string
[8.193s]     raise InvalidPackage('The manifest contains invalid XML:\n%s' % ex, filename)
[8.194s] catkin_pkg.package.InvalidPackage: Error(s) in package '/home/yamashita/ros2_ws/src/person_msgs/package.xml':
[8.195s] The manifest contains invalid XML:
[8.196s] mismatched tag: line 22, column 2
[8.362s] [31mCMake Error at /opt/ros/humble/share/ament_cmake_core/cmake/core/ament_package_xml.cmake:95 (message):
[8.363s]   execute_process(/usr/bin/python3.10
[8.364s]   /opt/ros/humble/share/ament_cmake_core/cmake/core/package_xml_2_cmake.py
[8.365s]   /home/yamashita/ros2_ws/src/person_msgs/package.xml
[8.366s]   /home/yamashita/ros2_ws/build/person_msgs/ament_cmake_core/package.cmake)
[8.367s]   returned error code 1
[8.368s] Call Stack (most recent call first):
[8.370s]   /opt/ros/humble/share/ament_cmake_core/cmake/core/ament_package_xml.cmake:49 (_ament_package_xml)
[8.371s]   /opt/ros/humble/share/rosidl_cmake/cmake/rosidl_generate_interfaces.cmake:226 (ament_package_xml)
[8.372s]   CMakeLists.txt:13 (rosidl_generate_interfaces)
[8.373s] 
[8.374s] [0m
[8.375s] -- Configuring incomplete, errors occurred!
[8.376s] See also "/home/yamashita/ros2_ws/build/person_msgs/CMakeFiles/CMakeOutput.log".
[8.399s] Invoked command in '/home/yamashita/ros2_ws/build/person_msgs' returned '1': /usr/bin/cmake /home/yamashita/ros2_ws/src/person_msgs -DCMAKE_INSTALL_PREFIX=/home/yamashita/ros2_ws/install/person_msgs
